1600185394116	geckodriver	INFO	Listening on 127.0.0.1:55244
1600185394971	mozrunner::runner	INFO	Running command: "/Applications/Firefox.app/Contents/MacOS/firefox-bin" "--marionette" "-headless" "-foreground" "-no-remote" "-profile" "/var/folders/_h/dbbv32vs2fs48fgbmf2wfb8h0000gn/T/rust_mozprofilewIOFcv"
*** You are running in headless mode.
*** You are running in headless mode.
console.error: SearchCache: "_readCacheFile: Error reading cache file:" (new Error("", "(unknown module)"))
1600185403698	Marionette	INFO	Listening on port 55256
1600185626440	geckodriver	INFO	Listening on 127.0.0.1:55607
1600185627455	mozrunner::runner	INFO	Running command: "/Applications/Firefox.app/Contents/MacOS/firefox-bin" "--marionette" "-headless" "-foreground" "-no-remote" "-profile" "/var/folders/_h/dbbv32vs2fs48fgbmf2wfb8h0000gn/T/rust_mozprofiley9sYqq"
*** You are running in headless mode.
console.error: SearchCache: "_readCacheFile: Error reading cache file:" (new Error("", "(unknown module)"))
1600185630665	Marionette	INFO	Listening on port 55618
1600185630746	Marionette	WARN	TLS certificate errors will be ignored for this session
1600185667060	geckodriver	INFO	Listening on 127.0.0.1:55705
1600185668072	mozrunner::runner	INFO	Running command: "/Applications/Firefox.app/Contents/MacOS/firefox-bin" "--marionette" "-headless" "-foreground" "-no-remote" "-profile" "/var/folders/_h/dbbv32vs2fs48fgbmf2wfb8h0000gn/T/rust_mozprofileWRxiC5"
*** You are running in headless mode.
console.error: SearchCache: "_readCacheFile: Error reading cache file:" (new Error("", "(unknown module)"))
1600185671305	Marionette	INFO	Listening on port 55718
1600185671368	Marionette	WARN	TLS certificate errors will be ignored for this session
1600185689849	geckodriver	INFO	Listening on 127.0.0.1:55792
1600185690865	mozrunner::runner	INFO	Running command: "/Applications/Firefox.app/Contents/MacOS/firefox-bin" "--marionette" "-headless" "-foreground" "-no-remote" "-profile" "/var/folders/_h/dbbv32vs2fs48fgbmf2wfb8h0000gn/T/rust_mozprofile5PyBeH"
*** You are running in headless mode.
console.error: SearchCache: "_readCacheFile: Error reading cache file:" (new Error("", "(unknown module)"))
1600185694154	Marionette	INFO	Listening on port 55804
1600185694282	Marionette	WARN	TLS certificate errors will be ignored for this session
JavaScript warning: https://static.xx.fbcdn.net/rsrc.php/v3in0p4/yj/l/el_GR/45aOfO-J-98.js?_nc_x=Ij3Wp8lg5Kz, line 19: WebGL warning: <Create>: Can't use WebGL in headless mode (https://bugzil.la/1375585).
JavaScript warning: https://static.xx.fbcdn.net/rsrc.php/v3in0p4/yj/l/el_GR/45aOfO-J-98.js?_nc_x=Ij3Wp8lg5Kz, line 19: Failed to create WebGL context: WebGL creation failed: 
* Can't use WebGL in headless mode (https://bugzil.la/1375585).
JavaScript warning: https://static.xx.fbcdn.net/rsrc.php/v3in0p4/yj/l/el_GR/45aOfO-J-98.js?_nc_x=Ij3Wp8lg5Kz, line 19: WebGL warning: <Create>: Can't use WebGL in headless mode (https://bugzil.la/1375585).
JavaScript warning: https://static.xx.fbcdn.net/rsrc.php/v3in0p4/yj/l/el_GR/45aOfO-J-98.js?_nc_x=Ij3Wp8lg5Kz, line 19: Failed to create WebGL context: WebGL creation failed: 
* Can't use WebGL in headless mode (https://bugzil.la/1375585).
1600185699041	Marionette	INFO	Stopped listening on port 55804
1600185699683	geckodriver	INFO	Listening on 127.0.0.1:55878
1600185700700	mozrunner::runner	INFO	Running command: "/Applications/Firefox.app/Contents/MacOS/firefox-bin" "--marionette" "-headless" "-foreground" "-no-remote" "-profile" "/var/folders/_h/dbbv32vs2fs48fgbmf2wfb8h0000gn/T/rust_mozprofileoeUR9c"
*** You are running in headless mode.
console.error: SearchCache: "_readCacheFile: Error reading cache file:" (new Error("", "(unknown module)"))
1600185703947	Marionette	INFO	Listening on port 55889
1600185703985	Marionette	WARN	TLS certificate errors will be ignored for this session
1600185705068	Marionette	INFO	Stopped listening on port 55889
console.warn: services.settings: main/cfr-fxa sync interrupted by shutdown
console.warn: services.settings: main/partitioning-exempt-urls sync interrupted by shutdown
1600185705683	geckodriver	INFO	Listening on 127.0.0.1:55949
1600185706700	mozrunner::runner	INFO	Running command: "/Applications/Firefox.app/Contents/MacOS/firefox-bin" "--marionette" "-headless" "-foreground" "-no-remote" "-profile" "/var/folders/_h/dbbv32vs2fs48fgbmf2wfb8h0000gn/T/rust_mozprofileoKHt9i"
*** You are running in headless mode.
console.error: SearchCache: "_readCacheFile: Error reading cache file:" (new Error("", "(unknown module)"))
1600185709893	Marionette	INFO	Listening on port 55960
1600185709974	Marionette	WARN	TLS certificate errors will be ignored for this session
1600185725954	Marionette	INFO	Stopped listening on port 55960
JavaScript error: https://wego.here.com/directions/mylocation/e-eyJuYW1lIjoiXHUwM2EwXHUwM2JiXHUwM2IxXHUwM2M0XHUwM2I1XHUwM2FmXHUwM2IxIFx1MDNhNlx1MDNiMVx1MDNiZFx1MDNiNVx1MDNjMVx1MDNjOVx1MDNiY1x1MDNhZFx1MDNiZFx1MDNiN1x1MDNjMiIsImFkZHJlc3MiOiIiLCJsYXRpdHVkZSI6MzUuMTczNDMwMDcxMDI4LCJsb25naXR1ZGUiOjMzLjM2MzA2OTY5NDgzOSwicHJvdmlkZXJOYW1lIjoiZmFjZWJvb2siLCJwcm92aWRlcklkIjozNTAzOTg3MTQ2Mjg3NzU5fQ==?map=35.173430071028,33.363069694839,15,normal&ref=facebook&link=unknown&fb_locale=el_GR, line 9: NS_ERROR_NOT_INITIALIZED: 
1600185726686	geckodriver	INFO	Listening on 127.0.0.1:56038
1600185727700	mozrunner::runner	INFO	Running command: "/Applications/Firefox.app/Contents/MacOS/firefox-bin" "--marionette" "-headless" "-foreground" "-no-remote" "-profile" "/var/folders/_h/dbbv32vs2fs48fgbmf2wfb8h0000gn/T/rust_mozprofileTmpPmF"
*** You are running in headless mode.
console.error: SearchCache: "_readCacheFile: Error reading cache file:" (new Error("", "(unknown module)"))
1600185730726	Marionette	INFO	Listening on port 56049
1600185730818	Marionette	WARN	TLS certificate errors will be ignored for this session
1600190890379	Marionette	INFO	Stopped listening on port 56049
1600247515707	addons.xpi	ERROR	System addon update list error Error: Failed downloading XML, status: 0, reason: error
JavaScript error: , line 0: uncaught exception: null
1600268113020	geckodriver	INFO	Listening on 127.0.0.1:51349
1600268114041	mozrunner::runner	INFO	Running command: "/Applications/Firefox.app/Contents/MacOS/firefox-bin" "--marionette" "-headless" "-foreground" "-no-remote" "-profile" "/var/folders/_h/dbbv32vs2fs48fgbmf2wfb8h0000gn/T/rust_mozprofileJRrJN6"
*** You are running in headless mode.
console.error: SearchCache: "_readCacheFile: Error reading cache file:" (new Error("", "(unknown module)"))
[Child 29634, RemoteLzyStream] WARNING: Unable to create pipe in server mode error(Too many open files in system).: file /builds/worker/checkouts/gecko/ipc/chromium/src/chrome/common/ipc_channel_posix.cc, line 124
[Child 29634, Worker Launcher] WARNING: Unable to create pipe in server mode error(Too many open files in system).: file /builds/worker/checkouts/gecko/ipc/chromium/src/chrome/common/ipc_channel_posix.cc, line 124
[GFX1-]: Receive IPC close with reason=AbnormalShutdown
Exiting due to channel error.
[GFX1-]: Receive IPC close with reason=AbnormalShutdown
[GFX1-]: Receive IPC close with reason=AbnormalShutdown
Exiting due to channel error.
Exiting due to channel error.
1600268208763	geckodriver	INFO	Listening on 127.0.0.1:51551
1600268209777	mozrunner::runner	INFO	Running command: "/Applications/Firefox.app/Contents/MacOS/firefox-bin" "--marionette" "-headless" "-foreground" "-no-remote" "-profile" "/var/folders/_h/dbbv32vs2fs48fgbmf2wfb8h0000gn/T/rust_mozprofile7lh2Md"
*** You are running in headless mode.
console.error: SearchCache: "_readCacheFile: Error reading cache file:" (new Error("", "(unknown module)"))
1600268222135	Marionette	INFO	Listening on port 51564
1600268222207	Marionette	WARN	TLS certificate errors will be ignored for this session
JavaScript warning: https://static.xx.fbcdn.net/rsrc.php/v3in0p4/yN/l/el_GR/30toaucJmaq.js?_nc_x=Ij3Wp8lg5Kz, line 19: WebGL warning: <Create>: Can't use WebGL in headless mode (https://bugzil.la/1375585).
JavaScript warning: https://static.xx.fbcdn.net/rsrc.php/v3in0p4/yN/l/el_GR/30toaucJmaq.js?_nc_x=Ij3Wp8lg5Kz, line 19: Failed to create WebGL context: WebGL creation failed: 
* Can't use WebGL in headless mode (https://bugzil.la/1375585).
JavaScript warning: https://static.xx.fbcdn.net/rsrc.php/v3in0p4/yN/l/el_GR/30toaucJmaq.js?_nc_x=Ij3Wp8lg5Kz, line 19: WebGL warning: <Create>: Can't use WebGL in headless mode (https://bugzil.la/1375585).
JavaScript warning: https://static.xx.fbcdn.net/rsrc.php/v3in0p4/yN/l/el_GR/30toaucJmaq.js?_nc_x=Ij3Wp8lg5Kz, line 19: Failed to create WebGL context: WebGL creation failed: 
* Can't use WebGL in headless mode (https://bugzil.la/1375585).
1600268225613	Marionette	INFO	Stopped listening on port 51564

###!!! [Child][RunMessage] Error: Channel closing: too late to send/recv, messages will be lost

1600268226773	geckodriver	INFO	Listening on 127.0.0.1:51735
1600268227825	mozrunner::runner	INFO	Running command: "/Applications/Firefox.app/Contents/MacOS/firefox-bin" "--marionette" "-headless" "-foreground" "-no-remote" "-profile" "/var/folders/_h/dbbv32vs2fs48fgbmf2wfb8h0000gn/T/rust_mozprofilePP8Brb"
*** You are running in headless mode.
console.error: SearchCache: "_readCacheFile: Error reading cache file:" (new Error("", "(unknown module)"))
1600268232691	Marionette	INFO	Listening on port 51747
1600268232775	Marionette	WARN	TLS certificate errors will be ignored for this session
1600268233441	Marionette	INFO	Stopped listening on port 51747
console.warn: services.settings: main/partitioning-exempt-urls sync interrupted by shutdown
1600268234397	geckodriver	INFO	Listening on 127.0.0.1:51828
1600268235433	mozrunner::runner	INFO	Running command: "/Applications/Firefox.app/Contents/MacOS/firefox-bin" "--marionette" "-headless" "-foreground" "-no-remote" "-profile" "/var/folders/_h/dbbv32vs2fs48fgbmf2wfb8h0000gn/T/rust_mozprofileMLTKrN"
*** You are running in headless mode.
console.error: SearchCache: "_readCacheFile: Error reading cache file:" (new Error("", "(unknown module)"))
1600268239965	Marionette	INFO	Listening on port 51839
1600268240056	Marionette	WARN	TLS certificate errors will be ignored for this session
1600268245027	Marionette	INFO	Stopped listening on port 51839
JavaScript error: https://wego.here.com/static_content/vendor-ff36df003ad4674c6576.js, line 30: Error: [$injector:modulerr] Failed to instantiate module hereApp due to:
[$injector:modulerr] Failed to instantiate module ngSanitize due to:
n/<@https://wego.here.com/static_content/vendor-ff36df003ad4674c6576.js:25:4491
n@https://wego.here.com/static_content/vendor-ff36df003ad4674c6576.js:25:4831
s@https://wego.here.com/static_content/vendor-ff36df003ad4674c6576.js:30:18913
i@https://wego.here.com/static_content/vendor-ff36df003ad4674c6576.js:30:16847
n/<@https://wego.here.com/static_content/vendor-ff36df003ad4674c6576.js:30:16774
r@https://wego.here.com/static_content/vendor-ff36df003ad4674c6576.js:30:17626
d/<@https://wego.here.com/static_content/vendor-ff36df003ad4674c6576.js:30:17732
r@https://wego.here.com/static_content/vendor-ff36df003ad4674c6576.js:30:825
d@https://wego.here.com/static_content/vendor-ff36df003ad4674c6576.js:30:17528
d/<@https://wego.here.com/static_content/vendor-ff36df003ad4674c6576.js:30:17696
r@https://wego.here.com/static_content/vendor-ff36df003ad4674c6576.js:30:825
d@https://wego.here.com/static_content/vendor-ff36df003ad4674c6576.js:30:17528
ee@https://wego.here.com/static_content/vendor-ff36df003ad4674c6576.js:30:19461
o@https://wego.here.com/static_content/vendor-ff36df003ad4674c6576.js:30:8205
it@https://wego.here.com/static_content/vendor-ff36df003ad4674c6576.js:30:8516
427/</n.bootstrap@https://wego.here.com/static_content/vendor-ff36df003ad4674c6576.js:15:7777
o@https://wego.here.com/directions/mylocation/e-eyJuYW1lIjoiXHUwM2EwXHUwM2JiXHUwM2IxXHUwM2M0XHUwM2I1XHUwM2FmXHUwM2IxIFx1MDNhNlx1MDNiMVx1MDNiZFx1MDNiNVx1MDNjMVx1MDNjOVx1MDNiY1x1MDNhZFx1MDNiZFx1MDNiN1x1MDNjMiIsImFkZHJlc3MiOiIiLCJsYXRpdHVkZSI6MzUuMTczNDMwMDcxMDI4LCJsb25naXR1ZGUiOjMzLjM2MzA2OTY5NDgzOSwicHJvdmlkZXJOYW1lIjoiZmFjZWJvb2siLCJwcm92aWRlcklkIjozNTAzOTg3MTQ2Mjg3NzU5fQ==?map=35.173430071028,33.363069694839,15,normal&ref=facebook&link=unknown&fb_locale=el_GR:512:1636
a/<@https://wego.here.com/directions/mylocation/e-eyJuYW1lIjoiXHUwM2EwXHUwM2JiXHUwM2IxXHUwM2M0XHUwM2I1XHUwM2FmXHUwM2IxIFx1MDNhNlx1MDNiMVx1MDNiZFx1MDNiNVx1MDNjMVx1MDNjOVx1MDNiY1x1MDNhZFx1MDNiZFx1MDNiN1x1MDNjMiIsImFkZHJlc3MiOiIiLCJsYXRpdHVkZSI6MzUuMTczNDMwMDcxMDI4LCJsb25naXR1ZGUiOjMzLjM2MzA2OTY5NDgzOSwicHJvdmlkZXJOYW1lIjoiZmFjZWJvb2siLCJwcm92aWRlcklkIjozNTAzOTg3MTQ2Mjg3NzU5fQ==?map=35.173430071028,33.363069694839,15,normal&ref=facebook&link=unknown&fb_locale=el_GR:512:2360
c@https://wego.here.com/directions/mylocation/e-eyJuYW1lIjoiXHUwM2EwXHUwM2JiXHUwM2IxXHUwM2M0XHUwM2I1XHUwM2FmXHUwM2IxIFx1MDNhNlx1MDNiMVx1MDNiZFx1MDNiNVx1MDNjMVx1MDNjOVx1MDNiY1x1MDNhZFx1MDNiZFx1MDNiN1x1MDNjMiIsImFkZHJlc3MiOiIiLCJsYXRpdHVkZSI6MzUuMTczNDMwMDcxMDI4LCJsb25naXR1ZGUiOjMzLjM2MzA2OTY5NDgzOSwicHJvdmlkZXJOYW1lIjoiZmFjZWJvb2siLCJwcm92aWRlcklkIjozNTAzOTg3MTQ2Mjg3NzU5fQ==?map=35.173430071028,33.363069694839,15,normal&ref=facebook&link=unknown&fb_locale=el_GR:512:308
e/<@https://wego.here.com/directions/mylocation/e-eyJuYW1lIjoiXHUwM2EwXHUwM2JiXHUwM2IxXHUwM2M0XHUwM2I1XHUwM2FmXHUwM2IxIFx1MDNhNlx1MDNiMVx1MDNiZFx1MDNiNVx1MDNjMVx1MDNjOVx1MDNiY1x1MDNhZFx1MDNiZFx1MDNiN1x1MDNjMiIsImFkZHJlc3MiOiIiLCJsYXRpdHVkZSI6MzUuMTczNDMwMDcxMDI4LCJsb25naXR1ZGUiOjMzLjM2MzA2OTY5NDgzOSwicHJvdmlkZXJOYW1lIjoiZmFjZWJvb2siLCJwcm92aWRlcklkIjozNTAzOTg3MTQ2Mjg3NzU5fQ==?map=35.173430071028,33.363069694839,15,normal&ref=facebook&link=unknown&fb_locale=el_GR:512:255
n@https://wego.here.com/directions/mylocation/e-eyJuYW1lIjoiXHUwM2EwXHUwM2JiXHUwM2IxXHUwM2M0XHUwM2I1XHUwM2FmXHUwM2IxIFx1MDNhNlx1MDNiMVx1MDNiZFx1MDNiNVx1MDNjMVx1MDNjOVx1MDNiY1x1MDNhZFx1MDNiZFx1MDNiN1x1MDNjMiIsImFkZHJlc3MiOiIiLCJsYXRpdHVkZSI6MzUuMTczNDMwMDcxMDI4LCJsb25naXR1ZGUiOjMzLjM2MzA2OTY5NDgzOSwicHJvdmlkZXJOYW1lIjoiZmFjZWJvb2siLCJwcm92aWRlcklkIjozNTAzOTg3MTQ2Mjg3NzU5fQ==?map=35.173430071028,33.363069694839,15,normal&ref=facebook&link=unknown&fb_locale=el_GR:512:190
e@https://wego.here.com/directions/mylocation/e-eyJuYW1lIjoiXHUwM2EwXHUwM2JiXHUwM2IxXHUwM2M0XHUwM2I1XHUwM2FmXHUwM2IxIFx1MDNhNlx1MDNiMVx1MDNiZFx1MDNiNVx1MDNjMVx1MDNjOVx1MDNiY1x1MDNhZFx1MDNiZFx1MDNiN1x1MDNjMiIsImFkZHJlc3MiOiIiLCJsYXRpdHVkZSI6MzUuMTczNDMwMDcxMDI4LCJsb25naXR1ZGUiOjMzLjM2MzA2OTY5NDgzOSwicHJvdmlkZXJOYW1lIjoiZmFjZWJvb2siLCJwcm92aWRlcklkIjozNTAzOTg3MTQ2Mjg3NzU5fQ==?map=35.173430071028,33.363069694839,15,normal&ref=facebook&link=unknown&fb_locale=el_GR:512:233
d@https://wego.here.com/directions/mylocation/e-eyJuYW1lIjoiXHUwM2EwXHUwM2JiXHUwM2IxXHUwM2M0XHUwM2I1XHUwM2FmXHUwM2IxIFx1MDNhNlx1MDNiMVx1MDNiZFx1MDNiNVx1MDNjMVx1MDNjOVx1MDNiY1x1MDNhZFx1MDNiZFx1MDNiN1x1MDNjMiIsImFkZHJlc3MiOiIiLCJsYXRpdHVkZSI6MzUuMTczNDMwMDcxMDI4LCJsb25naXR1ZGUiOjMzLjM2MzA2OTY5NDgzOSwicHJvdmlkZXJOYW1lIjoiZmFjZWJvb2siLCJwcm92aWRlcklkIjozNTAzOTg3MTQ2Mjg3NzU5fQ==?map=35.173430071028,33.363069694839,15,normal&ref=facebook&link=unknown&fb_locale=el_GR:512:388
o/o[l]@https://wego.here.com/directions/mylocation/e-eyJuYW1lIjoiXHUwM2EwXHUwM2JiXHUwM2IxXHUwM2M0XHUwM2I1XHUwM2FmXHUwM2IxIFx1MDNhNlx1MDNiMVx1MDNiZFx1MDNiNVx1MDNjMVx1MDNjOVx1MDNiY1x1MDNhZFx1MDNiZFx1MDNiN1x1MDNjMiIsImFkZHJlc3MiOiIiLCJsYXRpdHVkZSI6MzUuMTczNDMwMDcxMDI4LCJsb25naXR1ZGUiOjMzLjM2MzA2OTY5NDgzOSwicHJvdmlkZXJOYW1lIjoiZmFjZWJvb2siLCJwcm92aWRlcklkIjozNTAzOTg3MTQ2Mjg3NzU5fQ==?map=35.173430071028,33.363069694839,15,normal&ref=facebook&link=unknown&fb_locale=el_GR:512:872

http://errors.angularjs.org/1.5.11/$injector/modulerr?p0=ngSanitize&p1=n%2F%3C%40https%3A%2F%2Fwego.here.com%2Fstatic_content%2Fvendor-ff36df003ad4674c6576.js%3A25%3A4491%0An%40https%3A%2F%2Fwego.here.com%2Fstatic_content%2Fvendor-ff36df003ad4674c6576.js%3A25%3A4831%0As%40https%3A%2F%2Fwego.here.com%2Fstatic_content%2Fvendor-ff36df003ad4674c6576.js%3A30%3A18913%0Ai%40https%3A%2F%2Fwego.here.com%2Fstatic_content%2Fvendor-ff36df003ad4674c6576.js%3A30%3A16847%0An%2F%3C%40https%3A%2F%2Fwego.here.com%2Fstatic_content%2Fvendor-ff36df003ad4674c6576.js%3A30%3A16774%0Ar%40https%3A%2F%2Fwego.here.com%2Fstatic_content%2Fvendor-ff36df003ad4674c6576.js%3A30%3A17626%0Ad%2F%3C%40https%3A%2F%2Fwego.here.com%2Fstatic_content%2Fvendor-ff36df003ad4674c6576.js%3A30%3A17732%0Ar%40https%3A%2F%2Fwego.here.com%2Fstatic_content%2Fvendor-ff36df003ad4674c6576.js%3A30%3A825%0Ad%40https%3A%2F%2Fwego.here.com%2Fstatic_content%2Fvendor-ff36df003ad4674c6576.js%3A30%3A17528%0Ad%2F%3C%40https%3A%2F%2Fwego.here.com%2Fstatic_content%2Fvendor-ff36df003ad4674c6576.js%3A30%3A17696%0Ar%40https%3A%2F%2Fwego.here.com%2Fstatic_content%2Fvendor-ff36df003ad4674c6576.js%3A30%3A825%0Ad%40https%3A%2F%2Fwego.here.com%2Fstatic_content%2Fvendor-ff36df003ad4674c6576.js%3A30%3A17528%0Aee%40https%3A%2F%2Fwego.here.com%2Fstatic_content%2Fvendor-ff36df003ad4674c6576.js%3A30%3A19461%0Ao%40https%3A%2F%2Fwego.here.com%2Fstatic_content%2Fvendor-ff36df003ad4674c6576.js%3A30%3A8205%0Ait%40https%3A%2F%2Fwego.here.com%2Fstatic_content%2Fvendor-ff36df003ad4674c6576.js%3A30%3A8516%0A427%2F%3C%2Fn.bootstrap%40https%3A%2F%2Fwego.here.com%2Fstatic_content%2Fvendor-ff36df003ad4674c6576.js%3A15%3A7777%0Ao%40https%3A%2F%2Fwego.here.com%2Fdirections%2Fmylocation%2Fe-eyJuYW1lIjoiXHUwM2EwXHUwM2JiXHUwM2IxXHUwM2M0XHUwM2I1XHUwM2FmXHUwM2IxIFx1MDNhNlx1MDNiMVx1MDNiZFx1MDNiNVx1MDNjMVx1MDNjOVx1MDNiY1x1MDNhZFx1MDNiZFx1MDNiN1x1MDNjMiIsImFkZHJlc3MiOiIiLCJsYXRpdHVkZSI6MzUuMTczNDMwMDcxMDI4LCJsb25naXR1ZGUiOjMzLjM2MzA2OTY5NDgzOSwicHJvdmlkZXJOYW1lIjoiZmFjZWJvb2siLCJwcm92aWRlcklkIjozNTAzOTg3MTQ2Mjg3NzU5fQ%3D%3D%3Fmap%3D35.173430071028%2C33.363069694839%2C15%2Cnormal%26ref%3Dfacebook%26link%3Dunknown%26fb_locale%3Del_GR%3A512%3A1636%0Aa%2F%3C%40https%3A%2F%2Fwego.here.com%2Fdirections%2Fmylocation%2Fe-eyJuYW1lIjoiXHUwM2EwXHUwM2JiXHUwM2IxXHUwM2M0XHUwM2I1XHUwM2FmXHUwM2IxIFx1MDNhNlx1MDNiMVx1MDNiZFx1MDNiNVx1MDNjMVx1MDNjOVx1MDNiY1x1MDNhZFx1MDNiZFx1MDNiN1x1MDNjMiIsImFkZHJlc3MiOiIiLCJsYXRpdHVkZSI6MzUuMTczNDMwMDcxMDI4LCJsb25naXR1ZGUiOjMzLjM2MzA2OTY5NDgzOSwicHJvdmlkZXJOYW1lIjoiZmFjZWJvb2siLCJwcm92aWRlcklkIjozNTAzOTg3MTQ2Mjg3NzU5fQ%3D%3D%3Fmap%3D35.173430071028%2C33.363069694839%2C15%2Cnormal%26ref%3Dfacebook%26link%3Dunknown%26fb_locale%3Del_GR%3A512%3A2360%0Ac%40https%3A%2F%2Fwego.here.com%2Fdirections%2Fmylocation%2Fe-eyJuYW1lIjoiXHUwM2EwXHUwM2JiXHUwM2IxXHUwM2M0XHUwM2I1XHUwM2FmXHUwM2IxIFx1MDNhNlx1MDNiMVx1MDNiZFx1MDNiNVx1MDNjMVx1MDNjOVx1MDNiY1x1MDNhZFx1MDNiZFx1MDNiN1x1MDNjMiIsImFkZHJlc3MiOiIiLCJsYXRpdHVkZSI6MzUuMTczNDMwMDcxMDI4LCJsb25naXR1ZGUiOjMzLjM2MzA2OTY5NDgzOSwicHJvdmlkZXJOYW1lIjoiZmFjZWJvb2siLCJwcm92aWRlcklkIjozNTAzOTg3MTQ2Mjg3NzU5fQ%3D%3D%3Fmap%3D35.173430071028%2C33.363069694839%2C15%2Cnormal%26ref%3Dfacebook%26link%3Dunknown%26fb_locale%3Del_GR%3A512%3A308%0Ae%2F%3C%40https%3A%2F%2Fwego.here.com%2Fdirections%2Fmylocation%2Fe-eyJuYW1lIjoiXHUwM2EwXHUwM2JiXHUwM2IxXHUwM2M0XHUwM2I1XHUwM2FmXHUwM2IxIFx1MDNhNlx1MDNiMVx1MDNiZFx1MDNiNVx1MDNjMVx1MDNjOVx1MDNiY1x1MDNhZFx1MDNiZFx1MDNiN1x1MDNjMiIsImFkZHJlc3MiOiIiLCJsYXRpdHVkZSI6MzUuMTczNDMwMDcxMDI4LCJsb25naXR1ZGUiOjMzLjM2MzA2OTY5NDgzOSwicHJvdmlkZXJOYW1lIjoiZmFjZWJvb2siLCJwcm92aWRlcklkIjozNTAzOTg3MTQ2Mjg3NzU5fQ%3D%3D%3Fmap%3D35.173430071028%2C33.363069694839%2C15%2Cnormal%26ref%3Dfacebook%26link%3Dunknown%26fb_locale%3Del_GR%3A512%3A255%0An%40https%3A%2F%2Fwego.here.com%2Fdirections%2Fmylocation%2Fe-eyJuYW1lIjoiXHUwM2EwXHUwM2JiXHUwM2IxXHUwM2M0XHUwM2I1XHUwM2FmXHUwM2IxIFx1MDNhNlx1MDNiMVx1MDNiZFx1MDNiNVx1MDNjMVx1MDNjOVx1MDNiY1x1MDNhZFx1MDNiZFx1MDNiN1x1MDNjMiIsImFkZHJlc3MiOiIiLCJsYXRpdHVkZSI6MzUuMTczNDMwMDcxMDI4LCJsb25naXR1ZGUiOjMzLjM2MzA2OTY5NDgzOSwicHJvdmlkZXJOYW1lIjoiZmFjZWJvb2siLCJwcm92aWRlcklkIjozNTAzOTg3MTQ2Mjg3NzU5fQ%3D%3D%3Fmap%3D35.173430071028%2C33.363069694839%2C15%2Cnormal%26ref%3Dfacebook%26link%3Dunknown%26fb_locale%3Del_GR%3A512%3A190%0Ae%40https%3A%2F%2Fwego.here.com%2Fdirections%2Fmylocation%2Fe-eyJuYW1lIjoiXHUwM2EwXHUwM2JiXHUwM2IxXHUwM2M0XHUwM2I1XHUwM2FmXHUwM2IxIFx1MDNhNlx1MDNiMVx1MDNiZFx1MDNiNVx1MDNjMVx1MDNjOVx1MDNiY1x1MDNhZFx1MDNiZFx1MDNiN1x1MDNjMiIsImFkZHJlc3MiOiIiLCJsYXRpdHVkZSI6MzUuMTczNDMwMDcxMDI4LCJsb25naXR1ZGUiOjMzLjM2MzA2OTY5NDgzOSwicHJvdmlkZXJOYW1lIjoiZmFjZWJvb2siLCJwcm92aWRlcklkIjozNTAzOTg3MTQ2Mjg3NzU5fQ%3D%3D%3Fmap%3D35.173430071028%2C33.363069694839%2C15%2Cnormal%26ref%3Dfacebook%26link%3Dunknown%26fb_locale%3Del_GR%3A512%3A233%0Ad%40https%3A%2F%2Fwego.here.com%2Fdirections%2Fmylocation%2Fe-eyJuYW1lIjoiXHUwM2EwXHUwM2JiXHUwM2IxXHUwM2M0XHUwM2I1XHUwM2FmXHUwM2IxIFx1MDNhNlx1MDNiMVx1MDNiZFx1MDNiNVx1MDNjMVx1MDNjOVx1MDNiY1x1MDNhZFx1MDNiZFx1MDNiN1x1MDNjMiIsImFkZHJlc3MiOiIiLCJsYXRpdHVkZSI6MzUuMTczNDMwMDcxMDI4LCJsb25naXR1ZGUiOjMzLjM2MzA2OTY5NDgzOSwicHJvdmlkZXJOYW1lIjoiZmFjZWJvb2siLCJwcm92aWRlcklkIjozNTAzOTg3MTQ2Mjg3NzU5fQ%3D%3D%3Fmap%3D35.173430071028%2C33.363069694839%2C15%2Cnormal%26ref%3Dfacebook%26link%3Dunknown%26fb_locale%3Del_GR%3A512%3A388%0Ao%2Fo%5Bl%5D%40https%3A%2F%2Fwego.here.com%2Fdirections%2Fmylocation%2Fe-eyJuYW1lIjoiXHUwM2EwXHUwM2JiXHUwM2IxXHUwM2M0XHUwM2I1XHUwM2FmXHUwM2IxIFx1MDNhNlx1MDNiMVx1MDNiZFx1MDNiNVx1MDNjMVx1MDNjOVx1MDNiY1x1MDNhZFx1MDNiZFx1MDNiN1x1MDNjMiIsImFkZHJlc3MiOiIiLCJsYXRpdHVkZSI6MzUuMTczNDMwMDcxMDI4LCJsb25naXR1ZGUiOjMzLjM2MzA2OTY5NDgzOSwicHJvdmlkZXJOYW1lIjoiZmFjZWJvb2siLCJwcm92aWRlcklkIjozNTAzOTg3MTQ2Mjg3NzU5fQ%3D%3D%3Fmap%3D35.173430071028%2C33.363069694839%2C15%2Cnormal%26ref%3Dfacebook%26link%3Dunknown%26fb_locale%3Del_GR%3A512%3A872%0A
e/<@https://wego.here.com/static_content/vendor-ff36df003ad4674c6576.js:30:374
d/<@https://wego.here.com/static_content/vendor-ff36df003ad4674c6576.js:30:17956
r@https://wego.here.com/static_content/vendor-ff36df003ad4674c6576.js:30:825
d@https://wego.here.com/static_content/vendor-ff36df003ad4674c6576.js:30:17528
d/<@https://wego.here.com/static_content/vendor-ff36df003ad4674c6576.js:30:17696
r@https://wego.here.com/static_content/vendor-ff36df003ad4674c6576.js:30:825
d@https://wego.here.com/static_content/vendor-ff36df003ad4674c6576.js:30:17528
ee@https://wego.here.com/static_content/vendor-ff36df003ad4674c6576.js:30:19461
o@https://wego.here.com/static_content/vendor-ff36df003ad4674c6576.js:30:8205
it@https://wego.here.com/static_content/vendor-ff36df003ad4674c6576.js:30:8516
427/</n.bootstrap@https://wego.here.com/static_content/vendor-ff36df003ad4674c6576.js:15:7777
o@https://wego.here.com/directions/mylocation/e-eyJuYW1lIjoiXHUwM2EwXHUwM2JiXHUwM2IxXHUwM2M0XHUwM2I1XHUwM2FmXHUwM2IxIFx1MDNhNlx1MDNiMVx1MDNiZFx1MDNiNVx1MDNjMVx1MDNjOVx1MDNiY1x1MDNhZFx1MDNiZFx1MDNiN1x1MDNjMiIsImFkZHJlc3MiOiIiLCJsYXRpdHVkZSI6MzUuMTczNDMwMDcxMDI4LCJsb25naXR1ZGUiOjMzLjM2MzA2OTY5NDgzOSwicHJvdmlkZXJOYW1lIjoiZmFjZWJvb2siLCJwcm92aWRlcklkIjozNTAzOTg3MTQ2Mjg3NzU5fQ==?map=35.173430071028,33.363069694839,15,normal&ref=facebook&link=unknown&fb_locale=el_GR:512:1636
a/<@https://wego.here.com/directions/mylocation/e-eyJuYW1lIjoiXHUwM2EwXHUwM2JiXHUwM2IxXHUwM2M0XHUwM2I1XHUwM2FmXHUwM2IxIFx1MDNhNlx1MDNiMVx1MDNiZFx1MDNiNVx1MDNjMVx1MDNjOVx1MDNiY1x1MDNhZFx1MDNiZFx1MDNiN1x1MDNjMiIsImFkZHJlc3MiOiIiLCJsYXRpdHVkZSI6MzUuMTczNDMwMDcxMDI4LCJsb25naXR1ZGUiOjMzLjM2MzA2OTY5NDgzOSwicHJvdmlkZXJOYW1lIjoiZmFjZWJvb2siLCJwcm92aWRlcklkIjozNTAzOTg3MTQ2Mjg3NzU5fQ==?map=35.173430071028,33.363069694839,15,normal&ref=facebook&link=unknown&fb_locale=el_GR:512:2360
c@https://wego.here.com/directions/mylocation/e-eyJuYW1lIjoiXHUwM2EwXHUwM2JiXHUwM2IxXHUwM2M0XHUwM2I1XHUwM2FmXHUwM2IxIFx1MDNhNlx1MDNiMVx1MDNiZFx1MDNiNVx1MDNjMVx1MDNjOVx1MDNiY1x1MDNhZFx1MDNiZFx1MDNiN1x1MDNjMiIsImFkZHJlc3MiOiIiLCJsYXRpdHVkZSI6MzUuMTczNDMwMDcxMDI4LCJsb25naXR1ZGUiOjMzLjM2MzA2OTY5NDgzOSwicHJvdmlkZXJOYW1lIjoiZmFjZWJvb2siLCJwcm92aWRlcklkIjozNTAzOTg3MTQ2Mjg3NzU5fQ==?map=35.173430071028,33.363069694839,15,normal&ref=facebook&link=unknown&fb_locale=el_GR:512:308
e/<@https://wego.here.com/directions/mylocation/e-eyJuYW1lIjoiXHUwM2EwXHUwM2JiXHUwM2IxXHUwM2M0XHUwM2I1XHUwM2FmXHUwM2IxIFx1MDNhNlx1MDNiMVx1MDNiZFx1MDNiNVx1MDNjMVx1MDNjOVx1MDNiY1x1MDNhZFx1MDNiZFx1MDNiN1x1MDNjMiIsImFkZHJlc3MiOiIiLCJsYXRpdHVkZSI6MzUuMTczNDMwMDcxMDI4LCJsb25naXR1ZGUiOjMzLjM2MzA2OTY5NDgzOSwicHJvdmlkZXJOYW1lIjoiZmFjZWJvb2siLCJwcm92aWRlcklkIjozNTAzOTg3MTQ2Mjg3NzU5fQ==?map=35.173430071028,33.363069694839,15,normal&ref=facebook&link=unknown&fb_locale=el_GR:512:255
n@https://wego.here.com/directions/mylocation/e-eyJuYW1lIjoiXHUwM2EwXHUwM2JiXHUwM2IxXHUwM2M0XHUwM2I1XHUwM2FmXHUwM2IxIFx1MDNhNlx1MDNiMVx1MDNiZFx1MDNiNVx1MDNjMVx1MDNjOVx1MDNiY1x1MDNhZFx1MDNiZFx1MDNiN1x1MDNjMiIsImFkZHJlc3MiOiIiLCJsYXRpdHVkZSI6MzUuMTczNDMwMDcxMDI4LCJsb25naXR1ZGUiOjMzLjM2MzA2OTY5NDgzOSwicHJvdmlkZXJOYW1lIjoiZmFjZWJvb2siLCJwcm92aWRlcklkIjozNTAzOTg3MTQ2Mjg3NzU5fQ==?map=35.173430071028,33.363069694839,15,normal&ref=facebook&link=unknown&fb_locale=el_GR:512:190
e@https://wego.here.com/directions/mylocation/e-eyJuYW1lIjoiXHUwM2EwXHUwM2JiXHUwM2IxXHUwM2M0XHUwM2I1XHUwM2FmXHUwM2IxIFx1MDNhNlx1MDNiMVx1MDNiZFx1MDNiNVx1MDNjMVx1MDNjOVx1MDNiY1x1MDNhZFx1MDNiZFx1MDNiN1x1MDNjMiIsImFkZHJlc3MiOiIiLCJsYXRpdHVkZSI6MzUuMTczNDMwMDcxMDI4LCJsb25naXR1ZGUiOjMzLjM2MzA2OTY5NDgzOSwicHJvdmlkZXJOYW1lIjoiZmFjZWJvb2siLCJwcm92aWRlcklkIjozNTAzOTg3MTQ2Mjg3NzU5fQ==?map=35.173430071028,33.363069694839,15,normal&ref=facebook&link=unknown&fb_locale=el_GR:512:233
d@https://wego.here.com/directions/mylocation/e-eyJuYW1lIjoiXHUwM2EwXHUwM2JiXHUwM2IxXHUwM2M0XHUwM2I1XHUwM2FmXHUwM2IxIFx1MDNhNlx1MDNiMVx1MDNiZFx1MDNiNVx1MDNjMVx1MDNjOVx1MDNiY1x1MDNhZFx1MDNiZFx1MDNiN1x1MDNjMiIsImFkZHJlc3MiOiIiLCJsYXRpdHVkZSI6MzUuMTczNDMwMDcxMDI4LCJsb25naXR1ZGUiOjMzLjM2MzA2OTY5NDgzOSwicHJvdmlkZXJOYW1lIjoiZmFjZWJvb2siLCJwcm92aWRlcklkIjozNTAzOTg3MTQ2Mjg3NzU5fQ==?map=35.173430071028,33.363069694839,15,normal&ref=facebook&link=unknown&fb_locale=el_GR:512:388
o/o[l]@https://wego.here.com/directions/mylocation/e-eyJuYW1lIjoiXHUwM2EwXHUwM2JiXHUwM2IxXHUwM2M0XHUwM2I1XHUwM2FmXHUwM2IxIFx1MDNhNlx1MDNiMVx1MDNiZFx1MDNiNVx1MDNjMVx1MDNjOVx1MDNiY1x1MDNhZFx1MDNiZFx1MDNiN1x1MDNjMiIsImFkZHJlc3MiOiIiLCJsYXRpdHVkZSI6MzUuMTczNDMwMDcxMDI4LCJsb25naXR1ZGUiOjMzLjM2MzA2OTY5NDgzOSwicHJvdmlkZXJOYW1lIjoiZmFjZWJvb2siLCJwcm92aWRlcklkIjozNTAzOTg3MTQ2Mjg3NzU5fQ==?map=35.173430071028,33.363069694839,15,normal&ref=facebook&link=unknown&fb_locale=el_GR:512:872

http://errors.angularjs.org/1.5.11/$injector/modulerr?p0=hereApp&p1=%5B%24injector%3Amodulerr%5D%20Failed%20to%20instantiate%20module%20ngSanitize%20due%20to%3A%0An%2F%3C%40https%3A%2F%2Fwego.here.com%2Fstatic_content%2Fvendor-ff36df003ad4674c6576.js%3A25%3A4491%0An%40https%3A%2F%2Fwego.here.com%2Fstatic_content%2Fvendor-ff36df003ad4674c6576.js%3A25%3A4831%0As%40https%3A%2F%2Fwego.here.com%2Fstatic_content%2Fvendor-ff36df003ad4674c6576.js%3A30%3A18913%0Ai%40https%3A%2F%2Fwego.here.com%2Fstatic_content%2Fvendor-ff36df003ad4674c6576.js%3A30%3A16847%0An%2F%3C%40https%3A%2F%2Fwego.here.com%2Fstatic_content%2Fvendor-ff36df003ad4674c6576.js%3A30%3A16774%0Ar%40https%3A%2F%2Fwego.here.com%2Fstatic_content%2Fvendor-ff36df003ad4674c6576.js%3A30%3A17626%0Ad%2F%3C%40https%3A%2F%2Fwego.here.com%2Fstatic_content%2Fvendor-ff36df003ad4674c6576.js%3A30%3A17732%0Ar%40https%3A%2F%2Fwego.here.com%2Fstatic_content%2Fvendor-ff36df003ad4674c6576.js%3A30%3A825%0Ad%40https%3A%2F%2Fwego.here.com%2Fstatic_content%2Fvendor-ff36df003ad4674c6576.js%3A30%3A17528%0Ad%2F%3C%40https%3A%2F%2Fwego.here.com%2Fstatic_content%2Fvendor-ff36df003ad4674c6576.js%3A30%3A17696%0Ar%40https%3A%2F%2Fwego.here.com%2Fstatic_content%2Fvendor-ff36df003ad4674c6576.js%3A30%3A825%0Ad%40https%3A%2F%2Fwego.here.com%2Fstatic_content%2Fvendor-ff36df003ad4674c6576.js%3A30%3A17528%0Aee%40https%3A%2F%2Fwego.here.com%2Fstatic_content%2Fvendor-ff36df003ad4674c6576.js%3A30%3A19461%0Ao%40https%3A%2F%2Fwego.here.com%2Fstatic_content%2Fvendor-ff36df003ad4674c6576.js%3A30%3A8205%0Ait%40https%3A%2F%2Fwego.here.com%2Fstatic_content%2Fvendor-ff36df003ad4674c6576.js%3A30%3A8516%0A427%2F%3C%2Fn.bootstrap%40https%3A%2F%2Fwego.here.com%2Fstatic_content%2Fvendor-ff36df003ad4674c6576.js%3A15%3A7777%0Ao%40https%3A%2F%2Fwego.here.com%2Fdirections%2Fmylocation%2Fe-eyJuYW1lIjoiXHUwM2EwXHUwM2JiXHUwM2IxXHUwM2M0XHUwM2I1XHUwM2FmXHUwM2IxIFx1MDNhNlx1MDNiMVx1MDNiZFx1MDNiNVx1MDNjMVx1MDNjOVx1MDNiY1x1MDNhZFx1MDNiZFx1MDNiN1x1MDNjMiIsImFkZHJlc3MiOiIiLCJsYXRpdHVkZSI6MzUuMTczNDMwMDcxMDI4LCJsb25naXR1ZGUiOjMzLjM2MzA2OTY5NDgzOSwicHJvdmlkZXJOYW1lIjoiZmFjZWJvb2siLCJwcm92aWRlcklkIjozNTAzOTg3MTQ2Mjg3NzU5fQ%3D%3D%3Fmap%3D35.173430071028%2C33.363069694839%2C15%2Cnormal%26ref%3Dfacebook%26link%3Dunknown%26fb_locale%3Del_GR%3A512%3A1636%0Aa%2F%3C%40https%3A%2F%2Fwego.here.com%2Fdirections%2Fmylocation%2Fe-eyJuYW1lIjoiXHUwM2EwXHUwM2JiXHUwM2IxXHUwM2M0XHUwM2I1XHUwM2FmXHUwM2IxIFx1MDNhNlx1MDNiMVx1MDNiZFx1MDNiNVx1MDNjMVx1MDNjOVx1MDNiY1x1MDNhZFx1MDNiZFx1MDNiN1x1MDNjMiIsImFkZHJlc3MiOiIiLCJsYXRpdHVkZSI6MzUuMTczNDMwMDcxMDI4LCJsb25naXR1ZGUiOjMzLjM2MzA2OTY5NDgzOSwicHJvdmlkZXJOYW1lIjoiZmFjZWJvb2siLCJwcm92aWRlcklkIjozNTAzOTg3MTQ2Mjg3NzU5fQ%3D%3D%3Fmap%3D35.173430071028%2C33.363069694839%2C15%2Cnormal%26ref%3Dfacebook%26link%3Dunknown%26fb_locale%3Del_GR%3A512%3A2360%0Ac%40https%3A%2F%2Fwego.here.com%2Fdirections%2Fmylocation%2Fe-eyJuYW1lIjoiXHUwM2EwXHUwM2JiXHUwM2IxXHUwM2M0XHUwM2I1XHUwM2FmXHUwM2IxIFx1MDNhNlx1MDNiMVx1MDNiZFx1MDNiNVx1MDNjMVx1MDNjOVx1MDNiY1x1MDNhZFx1MDNiZFx1MDNiN1x1MDNjMiIsImFkZHJlc3MiOiIiLCJsYXRpdHVkZSI6MzUuMTczNDMwMDcxMDI4LCJsb25naXR1ZGUiOjMzLjM2MzA2OTY5NDgzOSwicHJvdmlkZXJOYW1lIjoiZmFjZWJvb2siLCJwcm92aWRlcklkIjozNTAzOTg3MTQ2Mjg3NzU5fQ%3D%3D%3Fmap%3D35.173430071028%2C33.363069694839%2C15%2Cnormal%26ref%3Dfacebook%26link%3Dunknown%26fb_locale%3Del_GR%3A512%3A308%0Ae%2F%3C%40https%3A%2F%2Fwego.here.com%2Fdirections%2Fmylocation%2Fe-eyJuYW1lIjoiXHUwM2EwXHUwM2JiXHUwM2IxXHUwM2M0XHUwM2I1XHUwM2FmXHUwM2IxIFx1MDNhNlx1MDNiMVx1MDNiZFx1MDNiNVx1MDNjMVx1MDNjOVx1MDNiY1x1MDNhZFx1MDNiZFx1MDNiN1x1MDNjMiIsImFkZHJlc3MiOiIiLCJsYXRpdHVkZSI6MzUuMTczNDMwMDcxMDI4LCJsb25naXR1ZGUiOjMzLjM2MzA2OTY5NDgzOSwicHJvdmlkZXJOYW1lIjoiZmFjZWJvb2siLCJwcm92aWRlcklkIjozNTAzOTg3MTQ2Mjg3NzU5fQ%3D%3D%3Fmap%3D35.173430071028%2C33.363069694839%2C15%2Cnormal%26ref%3Dfacebook%26link%3Dunknown%26fb_locale%3Del_GR%3A512%3A255%0An%40https%3A%2F%2Fwego.here.com%2Fdirections%2Fmylocation%2Fe-eyJuYW1lIjoiXHUwM2EwXHUwM2JiXHUwM2IxXHUwM2M0XHUwM2I1XHUwM2FmXHUwM2IxIFx1MDNhNlx1MDNiMVx1MDNiZFx1MDNiNVx1MDNjMVx1MDNjOVx1MDNiY1x1MDNhZFx1MDNiZFx1MDNiN1x1MDNjMiIsImFkZHJlc3MiOiIiLCJsYXRpdHVkZSI6MzUuMTczNDMwMDcxMDI4LCJsb25naXR1ZGUiOjMzLjM2MzA2OTY5NDgzOSwicHJvdmlkZXJOYW1lIjoiZmFjZWJvb2siLCJwcm92aWRlcklkIjozNTAzOTg3MTQ2Mjg3NzU5fQ%3D%3D%3Fmap%3D35.173430071028%2C33.363069694839%2C15%2Cnormal%26ref%3Dfacebook%26link%3Dunknown%26fb_locale%3Del_GR%3A512%3A190%0Ae%40https%3A%2F%2Fwego.here.com%2Fdirections%2Fmylocation%2Fe-eyJuYW1lIjoiXHUwM2EwXHUwM2JiXHUwM2IxXHUwM2M0XHUwM2I1XHUwM2FmXHUwM2IxIFx1MDNhNlx1MDNiMVx1MDNiZFx1MDNiNVx1MDNjMVx1MDNjOVx1MDNiY1x1MDNhZFx1MDNiZFx1MDNiN1x1MDNjMiIsImFkZHJlc3MiOiIiLCJsYXRpdHVkZSI6MzUuMTczNDMwMDcxMDI4LCJsb25naXR1ZGUiOjMzLjM2MzA2OTY5NDgzOSwicHJvdmlkZXJOYW1lIjoiZmFjZWJvb2siLCJwcm92aWRlcklkIjozNTAzOTg3MTQ2Mjg3NzU5fQ%3D%3D%3Fmap%3D35.173430071028%2C33.363069694839%2C15%2Cnormal%26ref%3Dfacebook%26link%3Dunknown%26fb_locale%3Del_GR%3A512%3A233%0Ad%40https%3A%2F%2Fwego.here.com%2Fdirections%2Fmylocation%2Fe-eyJuYW1lIjoiXHUwM2EwXHUwM2JiXHUwM2IxXHUwM2M0XHUwM2I1XHUwM2FmXHUwM2IxIFx1MDNhNlx1MDNiMVx1MDNiZFx1MDNiNVx1MDNjMVx1MDNjOVx1MDNiY1x1MDNhZFx1MDNiZFx1MDNiN1x1MDNjMiIsImFkZHJlc3MiOiIiLCJsYXRpdHVkZSI6MzUuMTczNDMwMDcxMDI4LCJsb25naXR1ZGUiOjMzLjM2MzA2OTY5NDgzOSwicHJvdmlkZXJOYW1lIjoiZmFjZWJvb2siLCJwcm92aWRlcklkIjozNTAzOTg3MTQ2Mjg3NzU5fQ%3D%3D%3Fmap%3D35.173430071028%2C33.363069694839%2C15%2Cnormal%26ref%3Dfacebook%26link%3Dunknown%26fb_locale%3Del_GR%3A512%3A388%0Ao%2Fo%5Bl%5D%40https%3A%2F%2Fwego.here.com%2Fdirections%2Fmylocation%2Fe-eyJuYW1lIjoiXHUwM2EwXHUwM2JiXHUwM2IxXHUwM2M0XHUwM2I1XHUwM2FmXHUwM2IxIFx1MDNhNlx1MDNiMVx1MDNiZFx1MDNiNVx1MDNjMVx1MDNjOVx1MDNiY1x1MDNhZFx1MDNiZFx1MDNiN1x1MDNjMiIsImFkZHJlc3MiOiIiLCJsYXRpdHVkZSI6MzUuMTczNDMwMDcxMDI4LCJsb25naXR1ZGUiOjMzLjM2MzA2OTY5NDgzOSwicHJvdmlkZXJOYW1lIjoiZmFjZWJvb2siLCJwcm92aWRlcklkIjozNTAzOTg3MTQ2Mjg3NzU5fQ%3D%3D%3Fmap%3D35.173430071028%2C33.363069694839%2C15%2Cnormal%26ref%3Dfacebook%26link%3Dunknown%26fb_locale%3Del_GR%3A512%3A872%0A%0Ahttp%3A%2F%2Ferrors.angularjs.org%2F1.5.11%2F%24injector%2Fmodulerr%3Fp0%3DngSanitize%26p1%3Dn%252F%253C%2540https%253A%252F%252Fwego.here.com%252Fstatic_content%252Fvendor-ff36df003ad4674c6576.js%253A25%253A4491%250An%2540https%253A%252F%252Fwego.here.com%252Fstatic_content%252Fvendor-ff36df003ad4674c6576.js%253A25%253A4831%250As%2540https%253A%252F%252Fwego.here.com%252Fstatic_content%252Fvendor-ff36df003ad4674c6576.js%253A30%253A18913%250Ai%2540https%253A%252F%252Fwego.here.com%252Fstatic_content%252Fvendor-ff36df003ad4674c6576.js%253A30%253A16847%250An%252F%253C%2540https%253A%252F%252Fwego.here.com%252Fstatic_content%252Fvendor-ff36df003ad4674c6576.js%253A30%253A16774%250Ar%2540https%253A%252F%252Fwego.here.com%252Fstatic_content%252Fvendor-ff36df003ad4674c6576.js%253A30%253A17626%250Ad%252F%253C%2540https%253A%252F%252Fwego.here.com%252Fstatic_content%252Fvendor-ff36df003ad4674c6576.js%253A30%253A17732%250Ar%2540https%253A%252F%252Fwego.here.com%252Fstatic_content%252Fvendor-ff36df003ad4674c6576.js%253A30%253A825%250Ad%2540https%253A%252F%252Fwego.here.com%252Fstatic_content%252Fvendor-ff36df003ad4674c6576.js%253A30%253A17528%250Ad%252F%253C%2540https%253A%252F%252Fwego.here.com%252Fstatic_content%252Fvendor-ff36df003ad4674c6576.js%253A30%253A17696%250Ar%2540https%253A%252F%252Fwego.here.com%252Fstatic_content%252Fvendor-ff36df003ad4674c6576.js%253A30%253A825%250Ad%2540https%253A%252F%252Fwego.here.com%252Fstatic_content%252Fvendor-ff36df003ad4674c6576.js%253A30%253A17528%250Aee%2540https%253A%252F%252Fwego.here.com%252Fstatic_content%252Fvendor-ff36df003ad4674c6576.js%253A30%253A19461%250Ao%2540https%253A%252F%252Fwego.here.com%252Fstatic_content%252Fvendor-ff36df003ad4674c6576.js%253A30%253A8205%250Ait%2540https%253A%252F%252Fwego.here.com%252Fstatic_content%252Fvendor-ff36df003ad4674c6576.js%253A30%253A8516%250A427%252F%253C%252Fn.bootstrap%2540https%253A%252F%252Fwego.here.com%252Fstatic_content%252Fvendor-ff36df003ad4674c6576.js%253A15%253A7777%250Ao%2540https%253A%252F%252Fwego.here.com%252Fdirections%252Fmylocation%252Fe-eyJuYW1lIjoiXHUwM2EwXHUwM2JiXHUwM2IxXHUwM2M0XHUwM2I1XHUwM2FmXHUwM2IxIFx1MDNhNlx1MDNiMVx1MDNiZFx1MDNiNVx1MDNjMVx1MDNjOVx1MDNiY1x1MDNhZFx1MDNiZFx1MDNiN1x1MDNjMiIsImFkZHJlc3MiOiIiLCJsYXRpdHVkZSI6MzUuMTczNDMwMDcxMDI4LCJsb25naXR1ZGUiOjMzLjM2MzA2OTY5NDgzOSwicHJvdmlkZXJOYW1lIjoiZmFjZWJvb2siLCJwcm92aWRlcklkIjozNTAzOTg3MTQ2Mjg3NzU5fQ%253D%253D%253Fmap%253D35.173430071028%252C33.363069694839%252C15%252Cnormal%2526ref%253Dfacebook%2526link%253Dunknown%2526fb_locale%253Del_GR%253A512%253A1636%250Aa%252F%253C%2540https%253A%252F%252Fwego.here.com%252Fdirections%252Fmylocation%252Fe-eyJuYW1lIjoiXHUwM2EwXHUwM2JiXHUwM2IxXHUwM2M0XHUwM2I1XHUwM2FmXHUwM2IxIFx1MDNhNlx1MDNiMVx1MDNiZFx1MDNiNVx1MDNjMVx1MDNjOVx1MDNiY1x1MDNhZFx1MDNiZFx1MDNiN1x1MDNjMiIsImFkZHJlc3MiOiIiLCJsYXRpdHVkZSI6MzUuMTczNDMwMDcxMDI4LCJsb25naXR1ZGUiOjMzLjM2MzA2OTY5NDgzOSwicHJvdmlkZXJOYW1lIjoiZmFjZWJvb2siLCJwcm92aWRlcklkIjozNTAzOTg3MTQ2Mjg3NzU5fQ%253D%253D%253Fmap%253D35.173430071028%252C33.363069694839%252C15%252Cnormal%2526ref%253Dfacebook%2526link%253Dunknown%2526fb_locale%253Del_GR%253A512%253A2360%250Ac%2540https%253A%252F%252Fwego.here.com%252Fdirections%252Fmylocation%252Fe-eyJuYW1lIjoiXHUwM2EwXHUwM2JiXHUwM2IxXHUwM2M0XHUwM2I1XHUwM2FmXHUwM2IxIFx1MDNhNlx1MDNiMVx1MDNiZFx1MDNiNVx1MDNjMVx1MDNjOVx1MDNiY1x1MDNhZFx1MDNiZFx1MDNiN1x1MDNjMiIsImFkZHJlc3MiOiIiLCJsYXRpdHVkZSI6MzUuMTczNDMwMDcxMDI4LCJsb25naXR1ZGUiOjMzLjM2MzA2OTY5NDgzOSwicHJvdmlkZXJOYW1lIjoiZmFjZWJvb2siLCJwcm92aWRlcklkIjozNTAzOTg3MTQ2Mjg3NzU5fQ%253D%253D%253Fmap%253D35.173430071028%252C33.363069694839%252C15%252Cnormal%2526ref%253Dfacebook%2526link%253Dunknown%2526fb_locale%253Del_GR%253A512%253A308%250Ae%252F%253C%2540https%253A%252F%252Fwego.here.com%252Fdirections%252Fmylocation%252Fe-eyJuYW1lIjoiXHUwM2EwXHUwM2JiXHUwM2IxXHUwM2M0XHUwM2I1XHUwM2FmXHUwM2IxIFx1MDNhNlx1MDNiMVx1MDNiZFx1MDNiNVx1MDNjMVx1MDNjOVx1MDNiY1x1MDNhZFx1MDNiZFx1MDNiN1x1MDNjMiIsImFkZHJlc3MiOiIiLCJsYXRpdHVkZSI6MzUuMTczNDMwMDcxMDI4LCJsb25naXR1ZGUiOjMzLjM2MzA2OTY5NDgzOSwicHJvdmlkZXJOYW1lIjoiZmFjZWJvb2siLCJwcm92aWRlcklkIjozNTAzOTg3MTQ2Mjg3NzU5fQ%253D%253D%253Fmap%253D35.173430071028%252C33.363069694839%252C15%252Cnormal%2526ref%253Dfacebook%2526link%253Dunknown%2526fb_locale%253Del_GR%253A512%253A255%250An%2540https%253A%252F%252Fwego.here.com%252Fdirections%252Fmylocation%252Fe-eyJuYW1lIjoiXHUwM2EwXHUwM2JiXHUwM2IxXHUwM2M0XHUwM2I1XHUwM2FmXHUwM2IxIFx1MDNhNlx1MDNiMVx1MDNiZFx1MDNiNVx1MDNjMVx1MDNjOVx1MDNiY1x1MDNhZFx1MDNiZFx1MDNiN1x1MDNjMiIsImFkZHJlc3MiOiIiLCJsYXRpdHVkZSI6MzUuMTczNDMwMDcxMDI4LCJsb25naXR1ZGUiOjMzLjM2MzA2OTY5NDgzOSwicHJvdmlkZXJOYW1lIjoiZmFjZWJvb2siLCJwcm92aWRlcklkIjozNTAzOTg3MTQ2Mjg3NzU5fQ%253D%253D%253Fmap%253D35.173430071028%252C33.363069694839%252C15%252Cnormal%2526ref%253Dfacebook%2526link%253Dunknown%2526fb_locale%253Del_GR%253A512%253A190%250Ae%2540https%253A%252F%252Fwego.here.com%252Fdirections%252Fmylocation%252Fe-eyJuYW1lIjoiXHUwM2EwXHUwM2JiXHUwM2IxXHUwM2M0XHUwM2I1XHUwM2FmXHUwM2IxIFx1MDNhNlx1MDNiMVx1MDNiZFx1MDNiNVx1MDNjMVx1MDNjOVx1MDNiY1x1MDNhZFx1MDNiZFx1MDNiN1x1MDNjMiIsImFkZHJlc3MiOiIiLCJsYXRpdHVkZSI6MzUuMTczNDMwMDcxMDI4LCJsb25naXR1ZGUiOjMzLjM2MzA2OTY5NDgzOSwicHJvdmlkZXJOYW1lIjoiZmFjZWJvb2siLCJwcm92aWRlcklkIjozNTAzOTg3MTQ2Mjg3NzU5fQ%253D%253D%253Fmap%253D35.173430071028%252C33.363069694839%252C15%252Cnormal%2526ref%253Dfacebook%2526link%253Dunknown%2526fb_locale%253Del_GR%253A512%253A233%250Ad%2540https%253A%252F%252Fwego.here.com%252Fdirections%252Fmylocation%252Fe-eyJuYW1lIjoiXHUwM2EwXHUwM2JiXHUwM2IxXHUwM2M0XHUwM2I1XHUwM2FmXHUwM2IxIFx1MDNhNlx1MDNiMVx1MDNiZFx1MDNiNVx1MDNjMVx1MDNjOVx1MDNiY1x1MDNhZFx1MDNiZFx1MDNiN1x1MDNjMiIsImFkZHJlc3MiOiIiLCJsYXRpdHVkZSI6MzUuMTczNDMwMDcxMDI4LCJsb25naXR1ZGUiOjMzLjM2MzA2OTY5NDgzOSwicHJvdmlkZXJOYW1lIjoiZmFjZWJvb2siLCJwcm92aWRlcklkIjozNTAzOTg3MTQ2Mjg3NzU5fQ%253D%253D%253Fmap%253D35.173430071028%252C33.363069694839%252C15%252Cnormal%2526ref%253Dfacebook%2526link%253Dunknown%2526fb_locale%253Del_GR%253A512%253A388%250Ao%252Fo%255Bl%255D%2540https%253A%252F%252Fwego.here.com%252Fdirections%252Fmylocation%252Fe-eyJuYW1lIjoiXHUwM2EwXHUwM2JiXHUwM2IxXHUwM2M0XHUwM2I1XHUwM2FmXHUwM2IxIFx1MDNhNlx1MDNiMVx1MDNiZFx1MDNiNVx1MDNjMVx1MDNjOVx1MDNiY1x1MDNhZFx1MDNiZFx1MDNiN1x1MDNjMiIsImFkZHJlc3MiOiIiLCJsYXRpdHVkZSI6MzUuMTczNDMwMDcxMDI4LCJsb25naXR1ZGUiOjMzLjM2MzA2OTY5NDgzOSwicHJvdmlkZXJOYW1lIjoiZmFjZWJvb2siLCJwcm92aWRlcklkIjozNTAzOTg3MTQ2Mjg3NzU5fQ%253D%253D%253Fmap%253D35.173430071028%252C33.363069694839%252C15%252Cnormal%2526ref%253Dfacebook%2526link%253Dunknown%2526fb_locale%253Del_GR%253A512%253A872%250A%0Ae%2F%3C%40https%3A%2F%2Fwego.here.com%2Fstatic_content%2Fvendor-ff36df003ad4674c6576.js%3A30%3A374%0Ad%2F%3C%40https%3A%2F%2Fwego.here.com%2Fstatic_content%2Fvendor-ff36df003ad4674c6576.js%3A30%3A17956%0Ar%40https%3A%2F%2Fwego.here.com%2Fstatic_content%2Fvendor-ff36df003ad4674c6576.js%3A30%3A825%0Ad%40https%3A%2F%2Fwego.here.com%2Fstatic_content%2Fvendor-ff36df003ad4674c6576.js%3A30%3A17528%0Ad%2F%3C%40https%3A%2F%2Fwego.here.com%2Fstatic_content%2Fvendor-ff36df003ad4674c6576.js%3A30%3A17696%0Ar%40https%3A%2F%2Fwego.here.com%2Fstatic_content%2Fvendor-ff36df003ad4674c6576.js%3A30%3A825%0Ad%40https%3A%2F%2Fwego.here.com%2Fstatic_content%2Fvendor-ff36df003ad4674c6576.js%3A30%3A17528%0Aee%40https%3A%2F%2Fwego.here.com%2Fstatic_content%2Fvendor-ff36df003ad4674c6576.js%3A30%3A19461%0Ao%40https%3A%2F%2Fwego.here.com%2Fstatic_content%2Fvendor-ff36df003ad4674c6576.js%3A30%3A8205%0Ait%40https%3A%2F%2Fwego.here.com%2Fstatic_content%2Fvendor-ff36df003ad4674c6576.js%3A30%3A8516%0A427%2F%3C%2Fn.bootstrap%40https%3A%2F%2Fwego.here.com%2Fstatic_content%2Fvendor-ff36df003ad4674c6576.js%3A15%3A7777%0Ao%40https%3A%2F%2Fwego.here.com%2Fdirections%2Fmylocation%2Fe-eyJuYW1lIjoiXHUwM2EwXHUwM2JiXHUwM2IxXHUwM2M0XHUwM2I1XHUwM2FmXHUwM2IxIFx1MDNhNlx1MDNiMVx1MDNiZFx1MDNiNVx1MDNjMVx1MDNjOVx1MDNiY1x1MDNhZFx1MDNiZFx1MDNiN1x1MDNjMiIsImFkZHJlc3MiOiIiLCJsYXRpdHVkZSI6MzUuMTczNDMwMDcxMDI4LCJsb25naXR1ZGUiOjMzLjM2MzA2OTY5NDgzOSwicHJvdmlkZXJOYW1lIjoiZmFjZWJvb2siLCJwcm92aWRlcklkIjozNTAzOTg3MTQ2Mjg3NzU5fQ%3D%3D%3Fmap%3D35.173430071028%2C33.363069694839%2C15%2Cnormal%26ref%3Dfacebook%26link%3Dunknown%26fb_locale%3Del_GR%3A512%3A1636%0Aa%2F%3C%40https%3A%2F%2Fwego.here.com%2Fdirections%2Fmylocation%2Fe-eyJuYW1lIjoiXHUwM2EwXHUwM2JiXHUwM2IxXHUwM2M0XHUwM2I1XHUwM2FmXHUwM2IxIFx1MDNhNlx1MDNiMVx1MDNiZFx1MDNiNVx1MDNjMVx1MDNjOVx1MDNiY1x1MDNhZFx1MDNiZFx1MDNiN1x1MDNjMiIsImFkZHJlc3MiOiIiLCJsYXRpdHVkZSI6MzUuMTczNDMwMDcxMDI4LCJsb25naXR1ZGUiOjMzLjM2MzA2OTY5NDgzOSwicHJvdmlkZXJOYW1lIjoiZmFjZWJvb2siLCJwcm92aWRlcklkIjozNTAzOTg3MTQ2Mjg3NzU5fQ%3D%3D%3Fmap%3D35.173430071028%2C33.363069694839%2C15%2Cnormal%26ref%3Dfacebook%26link%3Dunknown%26fb_locale%3Del_GR%3A512%3A2360%0Ac%40https%3A%2F%2Fwego.here.com%2Fdirections%2Fmylocation%2Fe-eyJuYW1lIjoiXHUwM2EwXHUwM2JiXHUwM2IxXHUwM2M0XHUwM2I1XHUwM2FmXHUwM2IxIFx1MDNhNlx1MDNiMVx1MDNiZFx1MDNiNVx1MDNjMVx1MDNjOVx1MDNiY1x1MDNhZFx1MDNiZFx1MDNiN1x1MDNjMiIsImFkZHJlc3MiOiIiLCJsYXRpdHVkZSI6MzUuMTczNDMwMDcxMDI4LCJsb25naXR1ZGUiOjMzLjM2MzA2OTY5NDgzOSwicHJvdmlkZXJOYW1lIjoiZmFjZWJvb2siLCJwcm92aWRlcklkIjozNTAzOTg3MTQ2Mjg3NzU5fQ%3D%3D%3Fmap%3D35.173430071028%2C33.363069694839%2C15%2Cnormal%26ref%3Dfacebook%26link%3Dunknown%26fb_locale%3Del_GR%3A512%3A308%0Ae%2F%3C%40https%3A%2F%2Fwego.here.com%2Fdirections%2Fmylocation%2Fe-eyJuYW1lIjoiXHUwM2EwXHUwM2JiXHUwM2IxXHUwM2M0XHUwM2I1XHUwM2FmXHUwM2IxIFx1MDNhNlx1MDNiMVx1MDNiZFx1MDNiNVx1MDNjMVx1MDNjOVx1MDNiY1x1MDNhZFx1MDNiZFx1MDNiN1x1MDNjMiIsImFkZHJlc3MiOiIiLCJsYXRpdHVkZSI6MzUuMTczNDMwMDcxMDI4LCJsb25naXR1ZGUiOjMzLjM2MzA2OTY5NDgzOSwicHJvdmlkZXJOYW1lIjoiZmFjZWJvb2siLCJwcm92aWRlcklkIjozNTAzOTg3MTQ2Mjg3NzU5fQ%3D%3D%3Fmap%3D35.173430071028%2C33.363069694839%2C15%2Cnormal%26ref%3Dfacebook%26link%3Dunknown%26fb_locale%3Del_GR%3A512%3A255%0An%40https%3A%2F%2Fwego.here.com%2Fdirections%2Fmylocation%2Fe-eyJuYW1lIjoiXHUwM2EwXHUwM2JiXHUwM2IxXHUwM2M0XHUwM2I1XHUwM2FmXHUwM2IxIFx1MDNhNlx1MDNiMVx1MDNiZFx1MDNiNVx1MDNjMVx1MDNjOVx1MDNiY1x1MDNhZFx1MDNiZFx1MDNiN1x1MDNjMiIsImFkZHJlc3MiOiIiLCJsYXRpdHVkZSI6MzUuMTczNDMwMDcxMDI4LCJsb25naXR1ZGUiOjMzLjM2MzA2OTY5NDgzOSwicHJvdmlkZXJOYW1lIjoiZmFjZWJvb2siLCJwcm92aWRlcklkIjozNTAzOTg3MTQ2Mjg3NzU5fQ%3D%3D%3Fmap%3D35.173430071028%2C33.363069694839%2C15%2Cnormal%26ref%3Dfacebook%26link%3Dunknown%26fb_locale%3Del_GR%3A512%3A190%0Ae%40https%3A%2F%2Fwego.here.com%2Fdirections%2Fmylocation%2Fe-eyJuYW1lIjoiXHUwM2EwXHUwM2JiXHUwM2IxXHUwM2M0XHUwM2I1XHUwM2FmXHUwM2IxIFx1MDNhNlx1MDNiMVx1MDNiZFx1MDNiNVx1MDNjMVx1MDNjOVx1MDNiY1x1MDNhZFx1MDNiZFx1MDNiN1x1MDNjMiIsImFkZHJlc3MiOiIiLCJsYXRpdHVkZSI6MzUuMTczNDMwMDcxMDI4LCJsb25naXR1ZGUiOjMzLjM2MzA2OTY5NDgzOSwicHJvdmlkZXJOYW1lIjoiZmFjZWJvb2siLCJwcm92aWRlcklkIjozNTAzOTg3MTQ2Mjg3NzU5fQ%3D%3D%3Fmap%3D35.173430071028%2C33.363069694839%2C15%2Cnormal%26ref%3Dfacebook%26link%3Dunknown%26fb_locale%3Del_GR%3A512%3A233%0Ad%40https%3A%2F%2Fwego.here.com%2Fdirections%2Fmylocation%2Fe-eyJuYW1lIjoiXHUwM2EwXHUwM2JiXHUwM2IxXHUwM2M0XHUwM2I1XHUwM2FmXHUwM2IxIFx1MDNhNlx1MDNiMVx1MDNiZFx1MDNiNVx1MDNjMVx1MDNjOVx1MDNiY1x1MDNhZFx1MDNiZFx1MDNiN1x1MDNjMiIsImFkZHJlc3MiOiIiLCJsYXRpdHVkZSI6MzUuMTczNDMwMDcxMDI4LCJsb25naXR1ZGUiOjMzLjM2MzA2OTY5NDgzOSwicHJvdmlkZXJOYW1lIjoiZmFjZWJvb2siLCJwcm92aWRlcklkIjozNTAzOTg3MTQ2Mjg3NzU5fQ%3D%3D%3Fmap%3D35.173430071028%2C33.363069694839%2C15%2Cnormal%26ref%3Dfacebook%26link%3Dunknown%26fb_locale%3Del_GR%3A512%3A388%0Ao%2Fo%5Bl%5D%40https%3A%2F%2Fwego.here.com%2Fdirections%2Fmylocation%2Fe-eyJuYW1lIjoiXHUwM2EwXHUwM2JiXHUwM2IxXHUwM2M0XHUwM2I1XHUwM2FmXHUwM2IxIFx1MDNhNlx1MDNiMVx1MDNiZFx1MDNiNVx1MDNjMVx1MDNjOVx1MDNiY1x1MDNhZFx1MDNiZFx1MDNiN1x1MDNjMiIsImFkZHJlc3MiOiIiLCJsYXRpdHVkZSI6MzUuMTczNDMwMDcxMDI4LCJsb25naXR1ZGUiOjMzLjM2MzA2OTY5NDgzOSwicHJvdmlkZXJOYW1lIjoiZmFjZWJvb2siLCJwcm92aWRlcklkIjozNTAzOTg3MTQ2Mjg3NzU5fQ%3D%3D%3Fmap%3D35.173430071028%2C33.363069694839%2C15%2Cnormal%26ref%3Dfacebook%26link%3Dunknown%26fb_locale%3Del_GR%3A512%3A872%0A
1600268246310	geckodriver	INFO	Listening on 127.0.0.1:51933
1600268247318	mozrunner::runner	INFO	Running command: "/Applications/Firefox.app/Contents/MacOS/firefox-bin" "--marionette" "-headless" "-foreground" "-no-remote" "-profile" "/var/folders/_h/dbbv32vs2fs48fgbmf2wfb8h0000gn/T/rust_mozprofileN47mBm"
*** You are running in headless mode.
console.error: SearchCache: "_readCacheFile: Error reading cache file:" (new Error("", "(unknown module)"))
1600268251582	Marionette	INFO	Listening on port 51946
1600268251638	Marionette	WARN	TLS certificate errors will be ignored for this session
1600268258053	Marionette	INFO	Stopped listening on port 51946
IPDL protocol error: Handler returned error code!

###!!! [Parent][DispatchAsyncMessage] Error: PLayerTransaction::Msg_ReleaseLayer Processing error: message was deserialized, but the handler returned false (indicating failure)

IPDL protocol error: Handler returned error code!

###!!! [Parent][DispatchAsyncMessage] Error: PLayerTransaction::Msg_ReleaseLayer Processing error: message was deserialized, but the handler returned false (indicating failure)

IPDL protocol error: Handler returned error code!

###!!! [Parent][DispatchAsyncMessage] Error: PLayerTransaction::Msg_ReleaseLayer Processing error: message was deserialized, but the handler returned false (indicating failure)

IPDL protocol error: Handler returned error code!

###!!! [Parent][DispatchAsyncMessage] Error: PLayerTransaction::Msg_ReleaseLayer Processing error: message was deserialized, but the handler returned false (indicating failure)

JavaScript error: resource://gre/modules/Sqlite.jsm, line 1031: Error: Sqlite.jsm has been shutdown. Cannot open connection to: /var/folders/_h/dbbv32vs2fs48fgbmf2wfb8h0000gn/T/rust_mozprofileN47mBm/protections.sqlite

###!!! [Child][MessageChannel] Error: (msgtype=0x390138,name=PContent::Msg_ScriptError) Channel closing: too late to send/recv, messages will be lost


###!!! [Child][RunMessage] Error: Channel closing: too late to send/recv, messages will be lost

1600268650534	geckodriver	INFO	Listening on 127.0.0.1:52587
1600268651554	mozrunner::runner	INFO	Running command: "/Applications/Firefox.app/Contents/MacOS/firefox-bin" "--marionette" "-headless" "-foreground" "-no-remote" "-profile" "/var/folders/_h/dbbv32vs2fs48fgbmf2wfb8h0000gn/T/rust_mozprofilexz7WhC"
*** You are running in headless mode.
console.error: SearchCache: "_readCacheFile: Error reading cache file:" (new Error("", "(unknown module)"))
1600268655326	Marionette	INFO	Listening on port 52600
1600268655367	Marionette	WARN	TLS certificate errors will be ignored for this session
JavaScript warning: https://static.xx.fbcdn.net/rsrc.php/v3in0p4/yN/l/el_GR/30toaucJmaq.js?_nc_x=Ij3Wp8lg5Kz, line 19: WebGL warning: <Create>: Can't use WebGL in headless mode (https://bugzil.la/1375585).
JavaScript warning: https://static.xx.fbcdn.net/rsrc.php/v3in0p4/yN/l/el_GR/30toaucJmaq.js?_nc_x=Ij3Wp8lg5Kz, line 19: Failed to create WebGL context: WebGL creation failed: 
* Can't use WebGL in headless mode (https://bugzil.la/1375585).
JavaScript warning: https://static.xx.fbcdn.net/rsrc.php/v3in0p4/yN/l/el_GR/30toaucJmaq.js?_nc_x=Ij3Wp8lg5Kz, line 19: WebGL warning: <Create>: Can't use WebGL in headless mode (https://bugzil.la/1375585).
JavaScript warning: https://static.xx.fbcdn.net/rsrc.php/v3in0p4/yN/l/el_GR/30toaucJmaq.js?_nc_x=Ij3Wp8lg5Kz, line 19: Failed to create WebGL context: WebGL creation failed: 
* Can't use WebGL in headless mode (https://bugzil.la/1375585).
1600268658499	Marionette	INFO	Stopped listening on port 52600
1600268659374	geckodriver	INFO	Listening on 127.0.0.1:52678
1600268660387	mozrunner::runner	INFO	Running command: "/Applications/Firefox.app/Contents/MacOS/firefox-bin" "--marionette" "-headless" "-foreground" "-no-remote" "-profile" "/var/folders/_h/dbbv32vs2fs48fgbmf2wfb8h0000gn/T/rust_mozprofilea8vLTA"
*** You are running in headless mode.
console.error: SearchCache: "_readCacheFile: Error reading cache file:" (new Error("", "(unknown module)"))
1600268665589	Marionette	INFO	Listening on port 52691
1600268665624	Marionette	WARN	TLS certificate errors will be ignored for this session
1600268666242	Marionette	INFO	Stopped listening on port 52691
console.warn: services.settings: main/partitioning-exempt-urls sync interrupted by shutdown
1600268667007	geckodriver	INFO	Listening on 127.0.0.1:52781
1600268668025	mozrunner::runner	INFO	Running command: "/Applications/Firefox.app/Contents/MacOS/firefox-bin" "--marionette" "-headless" "-foreground" "-no-remote" "-profile" "/var/folders/_h/dbbv32vs2fs48fgbmf2wfb8h0000gn/T/rust_mozprofileNUZMth"
*** You are running in headless mode.
console.error: SearchCache: "_readCacheFile: Error reading cache file:" (new Error("", "(unknown module)"))
1600268671886	Marionette	INFO	Listening on port 52793
1600268671935	Marionette	WARN	TLS certificate errors will be ignored for this session
1600268680439	Marionette	INFO	Stopped listening on port 52793
1600268681667	geckodriver	INFO	Listening on 127.0.0.1:52882
1600268682682	mozrunner::runner	INFO	Running command: "/Applications/Firefox.app/Contents/MacOS/firefox-bin" "--marionette" "-headless" "-foreground" "-no-remote" "-profile" "/var/folders/_h/dbbv32vs2fs48fgbmf2wfb8h0000gn/T/rust_mozprofileQcPYH9"
*** You are running in headless mode.
console.error: SearchCache: "_readCacheFile: Error reading cache file:" (new Error("", "(unknown module)"))
1600268686814	Marionette	INFO	Listening on port 52895
1600268686891	Marionette	WARN	TLS certificate errors will be ignored for this session
1600268692318	Marionette	INFO	Stopped listening on port 52895
IPDL protocol error: Handler returned error code!

###!!! [Parent][DispatchAsyncMessage] Error: PLayerTransaction::Msg_ReleaseLayer Processing error: message was deserialized, but the handler returned false (indicating failure)

IPDL protocol error: Handler returned error code!

###!!! [Parent][DispatchAsyncMessage] Error: PLayerTransaction::Msg_ReleaseLayer Processing error: message was deserialized, but the handler returned false (indicating failure)

JavaScript error: resource://gre/modules/Sqlite.jsm, line 1031: Error: Sqlite.jsm has been shutdown. Cannot open connection to: /var/folders/_h/dbbv32vs2fs48fgbmf2wfb8h0000gn/T/rust_mozprofileQcPYH9/protections.sqlite

###!!! [Child][RunMessage] Error: Channel closing: too late to send/recv, messages will be lost

1600268844809	geckodriver	INFO	Listening on 127.0.0.1:53190
1600268845826	mozrunner::runner	INFO	Running command: "/Applications/Firefox.app/Contents/MacOS/firefox-bin" "--marionette" "-headless" "-foreground" "-no-remote" "-profile" "/var/folders/_h/dbbv32vs2fs48fgbmf2wfb8h0000gn/T/rust_mozprofilexTwN6u"
*** You are running in headless mode.
console.error: SearchCache: "_readCacheFile: Error reading cache file:" (new Error("", "(unknown module)"))
1600268849640	Marionette	INFO	Listening on port 53203
1600268849680	Marionette	WARN	TLS certificate errors will be ignored for this session
1600268854991	Marionette	INFO	Stopped listening on port 53203
IPDL protocol error: Handler returned error code!

###!!! [Parent][DispatchAsyncMessage] Error: PLayerTransaction::Msg_ReleaseLayer Processing error: message was deserialized, but the handler returned false (indicating failure)

IPDL protocol error: Handler returned error code!

###!!! [Parent][DispatchAsyncMessage] Error: PLayerTransaction::Msg_ReleaseLayer Processing error: message was deserialized, but the handler returned false (indicating failure)

JavaScript error: https://d2wy8f7a9ursnm.cloudfront.net/v6.4.0/bugsnag.min.js, line 1: NS_ERROR_NOT_INITIALIZED: 
JavaScript error: https://d2wy8f7a9ursnm.cloudfront.net/v6.4.0/bugsnag.min.js, line 1: NS_ERROR_NOT_INITIALIZED: 
JavaScript error: resource://gre/modules/Sqlite.jsm, line 1031: Error: Sqlite.jsm has been shutdown. Cannot open connection to: /var/folders/_h/dbbv32vs2fs48fgbmf2wfb8h0000gn/T/rust_mozprofilexTwN6u/protections.sqlite
1600269007154	geckodriver	INFO	Listening on 127.0.0.1:53518
1600269008174	mozrunner::runner	INFO	Running command: "/Applications/Firefox.app/Contents/MacOS/firefox-bin" "--marionette" "-headless" "-foreground" "-no-remote" "-profile" "/var/folders/_h/dbbv32vs2fs48fgbmf2wfb8h0000gn/T/rust_mozprofileJpfb4j"
*** You are running in headless mode.
console.error: SearchCache: "_readCacheFile: Error reading cache file:" (new Error("", "(unknown module)"))
1600269011937	Marionette	INFO	Listening on port 53531
1600269012025	Marionette	WARN	TLS certificate errors will be ignored for this session
1600269017800	Marionette	INFO	Stopped listening on port 53531
JavaScript error: https://d2wy8f7a9ursnm.cloudfront.net/v6.4.0/bugsnag.min.js, line 1: NS_ERROR_NOT_INITIALIZED: 
JavaScript error: https://d2wy8f7a9ursnm.cloudfront.net/v6.4.0/bugsnag.min.js, line 1: NS_ERROR_NOT_INITIALIZED: 
JavaScript error: https://d2wy8f7a9ursnm.cloudfront.net/v6.4.0/bugsnag.min.js, line 1: NS_ERROR_NOT_INITIALIZED: 
JavaScript error: https://d2wy8f7a9ursnm.cloudfront.net/v6.4.0/bugsnag.min.js, line 1: NS_ERROR_NOT_INITIALIZED: 
JavaScript error: https://d2wy8f7a9ursnm.cloudfront.net/v6.4.0/bugsnag.min.js, line 1: NS_ERROR_NOT_INITIALIZED: 
JavaScript error: https://d2wy8f7a9ursnm.cloudfront.net/v6.4.0/bugsnag.min.js, line 1: NS_ERROR_NOT_INITIALIZED: 
JavaScript error: https://d2wy8f7a9ursnm.cloudfront.net/v6.4.0/bugsnag.min.js, line 1: NS_ERROR_NOT_INITIALIZED: 
JavaScript error: https://d2wy8f7a9ursnm.cloudfront.net/v6.4.0/bugsnag.min.js, line 1: NS_ERROR_NOT_INITIALIZED: 
JavaScript error: https://d2wy8f7a9ursnm.cloudfront.net/v6.4.0/bugsnag.min.js, line 1: NS_ERROR_NOT_INITIALIZED: 
JavaScript error: https://d2wy8f7a9ursnm.cloudfront.net/v6.4.0/bugsnag.min.js, line 1: NS_ERROR_NOT_INITIALIZED: 
JavaScript error: https://d2wy8f7a9ursnm.cloudfront.net/v6.4.0/bugsnag.min.js, line 1: NS_ERROR_NOT_INITIALIZED: 
JavaScript error: https://d2wy8f7a9ursnm.cloudfront.net/v6.4.0/bugsnag.min.js, line 1: NS_ERROR_NOT_INITIALIZED: 
JavaScript error: resource://gre/modules/Sqlite.jsm, line 1031: Error: Sqlite.jsm has been shutdown. Cannot open connection to: /var/folders/_h/dbbv32vs2fs48fgbmf2wfb8h0000gn/T/rust_mozprofileJpfb4j/protections.sqlite
Exiting due to channel error.
Exiting due to channel error.
Exiting due to channel error.
